#
# There is insufficient memory for the Java Runtime Environment to continue.
# Native memory allocation (mmap) failed to map 98566144 bytes. Error detail: G1 virtual space
# Possible reasons:
#   The system is out of physical RAM or swap space
#   This process is running with CompressedOops enabled, and the Java Heap may be blocking the growth of the native heap
# Possible solutions:
#   Reduce memory load on the system
#   Increase physical memory or swap space
#   Check if swap backing store is full
#   Decrease Java heap size (-Xmx/-Xms)
#   Decrease number of Java threads
#   Decrease Java thread stack sizes (-Xss)
#   Set larger code cache with -XX:ReservedCodeCacheSize=
#   JVM is running with Unscaled Compressed Oops mode in which the Java heap is
#     placed in the first 4GB address space. The Java Heap base address is the
#     maximum limit for the native heap growth. Please use -XX:HeapBaseMinAddress
#     to set the Java Heap base and to place the Java Heap above 4GB virtual address.
# This output file may be truncated or incomplete.
#
#  Out of Memory Error (os_windows.cpp:3898), pid=5776, tid=8152
#
# JRE version:  (21.0.6) (build )
# Java VM: OpenJDK 64-Bit Server VM (21.0.6+-13391695-b895.109, mixed mode, sharing, tiered, compressed oops, compressed class ptrs, g1 gc, windows-amd64)
# No core dump will be written. Minidumps are not enabled by default on client versions of Windows
#

---------------  S U M M A R Y ------------

Command Line: org.jetbrains.kotlin.cli.jvm.K2JVMCompiler @C:\Users\user\Downloads\KmpApp\composeApp\build\20250811_8996977415918553391.compiler.options

Host: Intel(R) Core(TM) i7 CPU       M 640  @ 2.80GHz, 4 cores, 5G,  Windows 10 , 64 bit Build 19041 (10.0.19041.5915)
Time: Mon Aug 11 23:04:39 2025 W. Central Africa Standard Time elapsed time: 0.039141 seconds (0d 0h 0m 0s)

---------------  T H R E A D  ---------------

Current thread (0x000001814b7fcbb0):  JavaThread "Unknown thread" [_thread_in_vm, id=8152, stack(0x00000058ec700000,0x00000058ec800000) (1024K)]

Stack: [0x00000058ec700000,0x00000058ec800000]
Native frames: (J=compiled Java code, j=interpreted, Vv=VM code, C=native code)
V  [jvm.dll+0x6d0639]
V  [jvm.dll+0x85eb03]
V  [jvm.dll+0x86105e]
V  [jvm.dll+0x861743]
V  [jvm.dll+0x27e6e6]
V  [jvm.dll+0x6ccfd5]
V  [jvm.dll+0x6c0a8a]
V  [jvm.dll+0x35537b]
V  [jvm.dll+0x35cfd6]
V  [jvm.dll+0x3aef86]
V  [jvm.dll+0x3af258]
V  [jvm.dll+0x327a2c]
V  [jvm.dll+0x32871b]
V  [jvm.dll+0x826549]
V  [jvm.dll+0x3bc158]
V  [jvm.dll+0x80f7f8]
V  [jvm.dll+0x45035e]
V  [jvm.dll+0x451ac1]
C  [jli.dll+0x52ab]
C  [ucrtbase.dll+0x21bb2]
C  [KERNEL32.DLL+0x17374]
C  [ntdll.dll+0x4cc91]


---------------  P R O C E S S  ---------------

Threads class SMR info:
_java_thread_list=0x00007ffe50201848, length=0, elements={
}

Java Threads: ( => current thread )
Total: 0

Other Threads:
  0x000001814b840b20 WorkerThread "GC Thread#0"                     [id=4944, stack(0x00000058ec800000,0x00000058ec900000) (1024K)]
  0x000001814b84e3e0 ConcurrentGCThread "G1 Main Marker"            [id=1900, stack(0x00000058ec900000,0x00000058eca00000) (1024K)]
  0x000001814b84edf0 WorkerThread "G1 Conc#0"                       [id=10228, stack(0x00000058eca00000,0x00000058ecb00000) (1024K)]

[error occurred during error reporting (printing all threads), id 0xc0000005, EXCEPTION_ACCESS_VIOLATION (0xc0000005) at pc=0x00007ffe4f9faa87]
VM state: not at safepoint (not fully initialized)

VM Mutex/Monitor currently owned by a thread:  ([mutex/lock_event])
[0x00007ffe5026e4a0] Heap_lock - owner thread: 0x000001814b7fcbb0

Heap address: 0x00000000a3200000, size: 1486 MB, Compressed Oops mode: 32-bit

CDS archive(s) mapped at: [0x0000000000000000-0x0000000000000000-0x0000000000000000), size 0, SharedBaseAddress: 0x0000000800000000, ArchiveRelocationMode: 1.
Narrow klass base: 0x0000000000000000, Narrow klass shift: 0, Narrow klass range: 0x0

GC Precious Log:
 CardTable entry size: 512
 Card Set container configuration: InlinePtr #cards 5 size 8 Array Of Cards #cards 12 size 40 Howl #buckets 4 coarsen threshold 1843 Howl Bitmap #cards 512 size 80 coarsen threshold 460 Card regions per heap region 1 cards per card region 2048

Heap:
 garbage-first heap   total 0K, used 0K [0x00000000a3200000, 0x0000000100000000)
  region size 1024K, 0 young (0K), 0 survivors (0K)
 Metaspace       used 0K, committed 0K, reserved 0K
  class space    used 0K, committed 0K, reserved 0K

Heap Regions: E=young(eden), S=young(survivor), O=old, HS=humongous(starts), HC=humongous(continues), CS=collection set, F=free, TAMS=top-at-mark-start, PB=parsable bottom

Card table byte_map: [0x000001815dc50000,0x000001815df40000] _byte_map_base: 0x000001815d737000

Marking Bits: (CMBitMap*) 0x000001814b842140
 Bits: [0x000001815df40000, 0x000001815f678000)

GC Heap History (0 events):
No events

Dll operation events (1 events):
Event: 0.022 Loaded shared library C:\Users\user\Documents\android-studio\jbr\bin\java.dll

Deoptimization events (0 events):
No events

Classes loaded (0 events):
No events

Classes unloaded (0 events):
No events

Classes redefined (0 events):
No events

Internal exceptions (0 events):
No events

ZGC Phase Switch (0 events):
No events

VM Operations (0 events):
No events

Memory protections (0 events):
No events

Nmethod flushes (0 events):
No events

Events (0 events):
No events


Dynamic libraries:
0x00007ff661280000 - 0x00007ff66128a000 	C:\Users\user\Documents\android-studio\jbr\bin\java.exe
0x00007ffe7dcb0000 - 0x00007ffe7dea8000 	C:\Windows\SYSTEM32\ntdll.dll
0x00007ffe7c3d0000 - 0x00007ffe7c492000 	C:\Windows\System32\KERNEL32.DLL
0x00007ffe7b4a0000 - 0x00007ffe7b797000 	C:\Windows\System32\KERNELBASE.dll
0x00007ffe7b7a0000 - 0x00007ffe7b8a0000 	C:\Windows\System32\ucrtbase.dll
0x00007ffe68aa0000 - 0x00007ffe68ab8000 	C:\Users\user\Documents\android-studio\jbr\bin\jli.dll
0x00007ffe71320000 - 0x00007ffe7133b000 	C:\Users\user\Documents\android-studio\jbr\bin\VCRUNTIME140.dll
0x00007ffe7d330000 - 0x00007ffe7d4cd000 	C:\Windows\System32\USER32.dll
0x00007ffe6afd0000 - 0x00007ffe6b26a000 	C:\Windows\WinSxS\amd64_microsoft.windows.common-controls_6595b64144ccf1df_6.0.19041.5915_none_60b4b9d171f9c7c7\COMCTL32.dll
0x00007ffe7d290000 - 0x00007ffe7d32e000 	C:\Windows\System32\msvcrt.dll
0x00007ffe7c2f0000 - 0x00007ffe7c31b000 	C:\Windows\System32\GDI32.dll
0x00007ffe7ba20000 - 0x00007ffe7ba42000 	C:\Windows\System32\win32u.dll
0x00007ffe7bbb0000 - 0x00007ffe7bcc9000 	C:\Windows\System32\gdi32full.dll
0x00007ffe7b8a0000 - 0x00007ffe7b93d000 	C:\Windows\System32\msvcp_win.dll
0x00007ffe7d0b0000 - 0x00007ffe7d0df000 	C:\Windows\System32\IMM32.DLL
0x00007ffe73cb0000 - 0x00007ffe73cbc000 	C:\Users\user\Documents\android-studio\jbr\bin\vcruntime140_1.dll
0x00007ffe5b6f0000 - 0x00007ffe5b77d000 	C:\Users\user\Documents\android-studio\jbr\bin\msvcp140.dll
0x00007ffe4f6c0000 - 0x00007ffe5034b000 	C:\Users\user\Documents\android-studio\jbr\bin\server\jvm.dll
0x00007ffe7cd60000 - 0x00007ffe7ce11000 	C:\Windows\System32\ADVAPI32.dll
0x00007ffe7cf40000 - 0x00007ffe7cfdf000 	C:\Windows\System32\sechost.dll
0x00007ffe7d4d0000 - 0x00007ffe7d5f6000 	C:\Windows\System32\RPCRT4.dll
0x00007ffe7b940000 - 0x00007ffe7b967000 	C:\Windows\System32\bcrypt.dll
0x00007ffe7c520000 - 0x00007ffe7c58b000 	C:\Windows\System32\WS2_32.dll
0x00007ffe7a880000 - 0x00007ffe7a8cb000 	C:\Windows\SYSTEM32\POWRPROF.dll
0x00007ffe77950000 - 0x00007ffe77977000 	C:\Windows\SYSTEM32\WINMM.dll
0x00007ffe6c550000 - 0x00007ffe6c55a000 	C:\Windows\SYSTEM32\VERSION.dll
0x00007ffe7a740000 - 0x00007ffe7a752000 	C:\Windows\SYSTEM32\UMPDC.dll
0x00007ffe793a0000 - 0x00007ffe793b2000 	C:\Windows\SYSTEM32\kernel.appcore.dll
0x00007ffe72b50000 - 0x00007ffe72b5a000 	C:\Users\user\Documents\android-studio\jbr\bin\jimage.dll
0x00007ffe6bb60000 - 0x00007ffe6bd61000 	C:\Windows\SYSTEM32\DBGHELP.DLL
0x00007ffe67640000 - 0x00007ffe67674000 	C:\Windows\SYSTEM32\dbgcore.DLL
0x00007ffe7b340000 - 0x00007ffe7b3c2000 	C:\Windows\System32\bcryptPrimitives.dll
0x00007ffe71300000 - 0x00007ffe71320000 	C:\Users\user\Documents\android-studio\jbr\bin\java.dll

dbghelp: loaded successfully - version: 4.0.5 - missing functions: none
symbol engine: initialized successfully - sym options: 0x614 - pdb path: .;C:\Users\user\Documents\android-studio\jbr\bin;C:\Windows\SYSTEM32;C:\Windows\WinSxS\amd64_microsoft.windows.common-controls_6595b64144ccf1df_6.0.19041.5915_none_60b4b9d171f9c7c7;C:\Users\user\Documents\android-studio\jbr\bin\server

VM Arguments:
java_command: org.jetbrains.kotlin.cli.jvm.K2JVMCompiler @C:\Users\user\Downloads\KmpApp\composeApp\build\20250811_8996977415918553391.compiler.options
java_class_path (initial): C:\Users\user\Documents\android-studio\caches\modules-2\files-2.1\org.jetbrains.kotlin\kotlin-compiler-embeddable\2.2.0\8cfa2b049a4006d94474296df4abd9b50f288821\kotlin-compiler-embeddable-2.2.0.jar;C:\Users\user\Documents\android-studio\caches\modules-2\files-2.1\org.jetbrains.kotlin\kotlin-stdlib\2.2.0\fdfc65fbc42fda253a26f61dac3c0aca335fae96\kotlin-stdlib-2.2.0.jar;C:\Users\user\Documents\android-studio\caches\modules-2\files-2.1\org.jetbrains.kotlin\kotlin-script-runtime\2.2.0\87c92e866fcd68680966a3005a2992e1ab8ec6ad\kotlin-script-runtime-2.2.0.jar;C:\Users\user\Documents\android-studio\caches\modules-2\files-2.1\org.jetbrains.kotlin\kotlin-reflect\1.6.10\1cbe9c92c12a94eea200d23c2bbaedaf3daf5132\kotlin-reflect-1.6.10.jar;C:\Users\user\Documents\android-studio\caches\modules-2\files-2.1\org.jetbrains.kotlin\kotlin-daemon-embeddable\2.2.0\58d92195dcdb0e33a63d3ae0eaa7efe42851e735\kotlin-daemon-embeddable-2.2.0.jar;C:\Users\user\Documents\android-studio\caches\modules-2\files-2.1\org.jetbrains.kotlinx\kotlinx-coroutines-core-jvm\1.8.0\ac1dc37a30a93150b704022f8d895ee1bd3a36b3\kotlinx-coroutines-core-jvm-1.8.0.jar;C:\Users\user\Documents\android-studio\caches\modules-2\files-2.1\org.jetbrains\annotations\13.0\919f0dfe192fb4e063e7dacadee7f8bb9a2672a9\annotations-13.0.jar
Launcher Type: SUN_STANDARD

[Global flags]
     intx CICompilerCount                          = 3                                         {product} {ergonomic}
     uint ConcGCThreads                            = 1                                         {product} {ergonomic}
     uint G1ConcRefinementThreads                  = 4                                         {product} {ergonomic}
   size_t G1HeapRegionSize                         = 1048576                                   {product} {ergonomic}
    uintx GCDrainStackTargetSize                   = 64                                        {product} {ergonomic}
   size_t InitialHeapSize                          = 98566144                                  {product} {ergonomic}
   size_t MarkStackSize                            = 4194304                                   {product} {ergonomic}
   size_t MaxHeapSize                              = 1558183936                                {product} {ergonomic}
   size_t MinHeapDeltaBytes                        = 1048576                                   {product} {ergonomic}
   size_t MinHeapSize                              = 8388608                                   {product} {ergonomic}
    uintx NonNMethodCodeHeapSize                   = 5832780                                {pd product} {ergonomic}
    uintx NonProfiledCodeHeapSize                  = 122912730                              {pd product} {ergonomic}
    uintx ProfiledCodeHeapSize                     = 122912730                              {pd product} {ergonomic}
    uintx ReservedCodeCacheSize                    = 251658240                              {pd product} {ergonomic}
     bool SegmentedCodeCache                       = true                                      {product} {ergonomic}
   size_t SoftMaxHeapSize                          = 1558183936                             {manageable} {ergonomic}
     bool UseCompressedOops                        = true                           {product lp64_product} {ergonomic}
     bool UseG1GC                                  = true                                      {product} {ergonomic}
     bool UseLargePagesIndividualAllocation        = false                                  {pd product} {ergonomic}

Logging:
Log output configuration:
 #0: stdout all=warning uptime,level,tags foldmultilines=false
 #1: stderr all=off uptime,level,tags foldmultilines=false

Environment Variables:
PATH=C:\Windows\system32;C:\Windows;C:\Windows\System32\Wbem;C:\Windows\System32\WindowsPowerShell\v1.0\;C:\Windows\System32\OpenSSH\;C:\Program Files\nodejs\;C:\xampp\php;C:\ProgramData\ComposerSetup\bin;C:\Program Files\Microsoft VS Code\bin;C:\Program Files\Git\cmd;C:\Users\user\AppData\Local\Microsoft\WindowsApps;C:\Users\user\AppData\Roaming\npm;C:\Users\user\AppData\Roaming\Composer\vendor\bin
USERNAME=user
OS=Windows_NT
PROCESSOR_IDENTIFIER=Intel64 Family 6 Model 37 Stepping 5, GenuineIntel
TMP=C:\Users\user\AppData\Local\Temp
TEMP=C:\Users\user\AppData\Local\Temp




Periodic native trim disabled

JNI global refs:
JNI global refs: 0, weak refs: 0

JNI global refs memory usage: 0, weak refs: 0

Process memory usage:
Resident Set Size: 10524K (0% of 6084436K total physical memory with 625760K free physical memory)

OOME stack traces (most recent first):
Classloader memory used:

---------------  S Y S T E M  ---------------

OS:
 Windows 10 , 64 bit Build 19041 (10.0.19041.5915)
OS uptime: 1 days 19:53 hours

CPU: total 4 (initial active 4) (2 cores per cpu, 2 threads per core) family 6 model 37 stepping 5 microcode 0x7, cx8, cmov, fxsr, ht, mmx, sse, sse2, sse3, ssse3, sse4.1, sse4.2, popcnt, tsc, tscinvbit, aes, clmul, clflush, rdtscp
Processor Information for the first 4 processors :
  Max Mhz: 2800, Current Mhz: 2799, Mhz Limit: 2772

Memory: 4k page, system-wide physical 5941M (611M free)
TotalPageFile size 12133M (AvailPageFile size 60M)
current process WorkingSet (physical memory assigned to process): 10M, peak: 10M
current process commit charge ("private bytes"): 51M, peak: 145M

vm_info: OpenJDK 64-Bit Server VM (21.0.6+-13391695-b895.109) for windows-amd64 JRE (21.0.6+-13391695-b895.109), built on 2025-04-22T21:19:17Z by "builder" with MS VC++ 16.10 / 16.11 (VS2019)

END.
